2021-12-10 10:35:46,146 INFO 15912 [egg-logrotator] app logger reload: got log-reload message
2021-12-10 14:00:58,783 WARN 15912 [TCPBase] socket is closed by other side while there were still unhandled data in the socket buffer
2021-12-10 14:00:58,795 WARN 15912 [ClusterClient:Watcher] follower closed, and try to init it again
2021-12-10 14:18:26,010 INFO 25092 [egg:logger] init all loggers with options: {"dir":"D:\\blog_dogett\\service\\logs\\service","encoding":"utf8","env":"local","level":"INFO","consoleLevel":"INFO","disableConsoleAfterReady":false,"outputJSON":false,"buffer":true,"appLogName":"service-web.log","coreLogName":"egg-web.log","agentLogName":"egg-agent.log","errorLogName":"common-error.log","coreLogger":{"consoleLevel":"WARN"},"allowDebugAtProd":false,"type":"application"}
2021-12-10 14:18:26,047 INFO 25092 [egg-multipart] stream mode enable
2021-12-10 14:18:26,047 INFO 25092 [egg-mysql] connecting root@localhost:3306/react_blog
2021-12-10 14:18:26,269 INFO 25092 [egg-static] starting static serve /public/ -> D:\blog_dogett\service\app\public
2021-12-10 14:18:26,272 INFO 25092 [egg-security] use methodnoallow middleware
2021-12-10 14:18:26,273 INFO 25092 [egg-security] use noopen middleware
2021-12-10 14:18:26,274 INFO 25092 [egg-security] use nosniff middleware
2021-12-10 14:18:26,275 INFO 25092 [egg-security] use xssProtection middleware
2021-12-10 14:18:26,276 INFO 25092 [egg-security] use xframe middleware
2021-12-10 14:18:26,277 INFO 25092 [egg-security] use dta middleware
2021-12-10 14:18:26,277 INFO 25092 [egg-security] compose 6 middlewares into one security middleware
2021-12-10 14:18:26,292 INFO 25092 [egg:core] dump config after load, 6ms
2021-12-10 14:18:26,313 INFO 25092 [egg-watcher:application] watcher start success
2021-12-10 14:18:26,323 INFO 25092 [egg-mysql] instance[0] status OK, rds currentTime: Fri Dec 10 2021 14:18:26 GMT+0800 (香港标准时间)
2021-12-10 14:18:26,331 INFO 25092 [egg:core] dump config after ready, 6ms
2021-12-29 12:43:15,181 INFO 8980 [egg:logger] init all loggers with options: {"dir":"D:\\blog_dogett\\service\\logs\\service","encoding":"utf8","env":"local","level":"INFO","consoleLevel":"INFO","disableConsoleAfterReady":false,"outputJSON":false,"buffer":true,"appLogName":"service-web.log","coreLogName":"egg-web.log","agentLogName":"egg-agent.log","errorLogName":"common-error.log","coreLogger":{"consoleLevel":"WARN"},"allowDebugAtProd":false,"type":"application"}
2021-12-29 12:43:15,221 INFO 8980 [egg-multipart] stream mode enable
2021-12-29 12:43:15,222 INFO 8980 [egg-mysql] connecting root@localhost:3306/react_blog
2021-12-29 12:43:15,468 INFO 8980 [egg-static] starting static serve /public/ -> D:\blog_dogett\service\app\public
2021-12-29 12:43:15,472 INFO 8980 [egg-security] use methodnoallow middleware
2021-12-29 12:43:15,473 INFO 8980 [egg-security] use noopen middleware
2021-12-29 12:43:15,474 INFO 8980 [egg-security] use nosniff middleware
2021-12-29 12:43:15,475 INFO 8980 [egg-security] use xssProtection middleware
2021-12-29 12:43:15,476 INFO 8980 [egg-security] use xframe middleware
2021-12-29 12:43:15,477 INFO 8980 [egg-security] use dta middleware
2021-12-29 12:43:15,477 INFO 8980 [egg-security] compose 6 middlewares into one security middleware
2021-12-29 12:43:15,496 INFO 8980 [egg:core] dump config after load, 7ms
2021-12-29 12:43:15,527 INFO 8980 [egg-watcher:application] watcher start success
2021-12-29 12:43:15,533 INFO 8980 [egg-mysql] instance[0] status OK, rds currentTime: Wed Dec 29 2021 12:43:15 GMT+0800 (香港标准时间)
2021-12-29 12:43:15,543 INFO 8980 [egg:core] dump config after ready, 8ms
2021-12-29 12:43:17,129 INFO 18676 [egg:logger] init all loggers with options: {"dir":"D:\\blog_dogett\\service\\logs\\service","encoding":"utf8","env":"local","level":"INFO","consoleLevel":"INFO","disableConsoleAfterReady":false,"outputJSON":false,"buffer":true,"appLogName":"service-web.log","coreLogName":"egg-web.log","agentLogName":"egg-agent.log","errorLogName":"common-error.log","coreLogger":{"consoleLevel":"WARN"},"allowDebugAtProd":false,"type":"application"}
2021-12-29 12:43:17,164 INFO 18676 [egg-multipart] stream mode enable
2021-12-29 12:43:17,165 INFO 18676 [egg-mysql] connecting root@localhost:3306/react_blog
2021-12-29 12:43:17,360 INFO 18676 [egg-static] starting static serve /public/ -> D:\blog_dogett\service\app\public
2021-12-29 12:43:17,363 INFO 18676 [egg-security] use methodnoallow middleware
2021-12-29 12:43:17,364 INFO 18676 [egg-security] use noopen middleware
2021-12-29 12:43:17,366 INFO 18676 [egg-security] use nosniff middleware
2021-12-29 12:43:17,367 INFO 18676 [egg-security] use xssProtection middleware
2021-12-29 12:43:17,368 INFO 18676 [egg-security] use xframe middleware
2021-12-29 12:43:17,369 INFO 18676 [egg-security] use dta middleware
2021-12-29 12:43:17,369 INFO 18676 [egg-security] compose 6 middlewares into one security middleware
2021-12-29 12:43:17,386 INFO 18676 [egg:core] dump config after load, 7ms
2021-12-29 12:43:17,410 INFO 18676 [egg-watcher:application] watcher start success
2021-12-29 12:43:17,414 INFO 18676 [egg-mysql] instance[0] status OK, rds currentTime: Wed Dec 29 2021 12:43:17 GMT+0800 (香港标准时间)
2021-12-29 12:43:17,422 INFO 18676 [egg:core] dump config after ready, 6ms
2021-12-29 12:55:18,178 INFO 25284 [egg:logger] init all loggers with options: {"dir":"D:\\blog_dogett\\service\\logs\\service","encoding":"utf8","env":"local","level":"INFO","consoleLevel":"INFO","disableConsoleAfterReady":false,"outputJSON":false,"buffer":true,"appLogName":"service-web.log","coreLogName":"egg-web.log","agentLogName":"egg-agent.log","errorLogName":"common-error.log","coreLogger":{"consoleLevel":"WARN"},"allowDebugAtProd":false,"type":"application"}
2021-12-29 12:55:18,214 INFO 25284 [egg-multipart] stream mode enable
2021-12-29 12:55:18,215 INFO 25284 [egg-mysql] connecting root@localhost:3306/react_blog
2021-12-29 12:55:18,433 INFO 25284 [egg-static] starting static serve /public/ -> D:\blog_dogett\service\app\public
2021-12-29 12:55:18,436 INFO 25284 [egg-security] use methodnoallow middleware
2021-12-29 12:55:18,437 INFO 25284 [egg-security] use noopen middleware
2021-12-29 12:55:18,438 INFO 25284 [egg-security] use nosniff middleware
2021-12-29 12:55:18,439 INFO 25284 [egg-security] use xssProtection middleware
2021-12-29 12:55:18,440 INFO 25284 [egg-security] use xframe middleware
2021-12-29 12:55:18,441 INFO 25284 [egg-security] use dta middleware
2021-12-29 12:55:18,441 INFO 25284 [egg-security] compose 6 middlewares into one security middleware
2021-12-29 12:55:18,456 INFO 25284 [egg:core] dump config after load, 6ms
2021-12-29 12:55:18,484 INFO 25284 [egg-watcher:application] watcher start success
2021-12-29 12:55:18,489 INFO 25284 [egg-mysql] instance[0] status OK, rds currentTime: Wed Dec 29 2021 12:55:18 GMT+0800 (香港标准时间)
2021-12-29 12:55:18,498 INFO 25284 [egg:core] dump config after ready, 7ms
